<?xml version="1.0" encoding="UTF-8"?>
<!-- Generated by org.testng.reporters.JUnitReportReporter -->
<testsuite hostname="DESKTOP-CSE7PO0" failures="0" tests="1" name="tests.SignUpTest" time="12.714" errors="0" timestamp="02 Oct 2022 19:22:33 GMT" skipped="0">
  <testcase classname="tests.SignUpTest" name="signUpWithInvalidFistrstName" time="12.714"/>
</testsuite> <!-- tests.SignUpTest -->
